00:54:44.418 [main] INFO  api_test.UserTests - **************** Creating User **********************
00:54:48.197 [main] INFO  api_test.UserTests - **************** User is created **********************
00:54:48.212 [main] INFO  api_test.UserTests - **************** Reading User Info **********************
00:54:50.916 [main] INFO  api_test.UserTests - **************** Updating User **********************
00:54:53.206 [main] INFO  api_test.UserTests - **************** User is Updated **********************
00:54:53.215 [main] INFO  api_test.UserTests - **************** Deleting User **********************
00:54:54.345 [main] INFO  api_test.UserTests - **************** User is Deleted **********************
00:57:14.761 [main] INFO  api_test.UserTests - **************** Creating User **********************
00:57:18.579 [main] INFO  api_test.UserTests - **************** User is created **********************
00:57:18.596 [main] INFO  api_test.UserTests - **************** Reading User Info **********************
00:57:22.724 [main] INFO  api_test.UserTests - **************** Updating User **********************
00:57:24.905 [main] INFO  api_test.UserTests - **************** User is Updated **********************
00:57:24.912 [main] INFO  api_test.UserTests - **************** Deleting User **********************
00:57:25.978 [main] INFO  api_test.UserTests - **************** User is Deleted **********************
01:04:58.141 [main] DEBUG api_test.UserTests - Debuging..................
01:04:58.178 [main] INFO  api_test.UserTests - **************** Creating User **********************
01:05:02.149 [main] INFO  api_test.UserTests - **************** User is created **********************
01:05:02.162 [main] INFO  api_test.UserTests - **************** Reading User Info **********************
01:05:06.283 [main] INFO  api_test.UserTests - **************** User Info is Displayed **********************
01:05:06.290 [main] INFO  api_test.UserTests - **************** Updating User **********************
01:05:08.580 [main] INFO  api_test.UserTests - **************** User is Updated **********************
01:05:08.586 [main] INFO  api_test.UserTests - **************** Deleting User **********************
01:05:09.728 [main] INFO  api_test.UserTests - **************** User is Deleted **********************
12:30:05.758 [main] DEBUG api_test.UserTests2 - Debuging..................
12:30:05.791 [main] INFO  api_test.UserTests2 - **************** Creating User **********************
12:30:09.830 [main] INFO  api_test.UserTests2 - **************** User is created **********************
12:30:09.846 [main] INFO  api_test.UserTests2 - **************** Reading User Info **********************
12:30:14.006 [main] INFO  api_test.UserTests2 - **************** User Info is Displayed **********************
12:30:14.013 [main] INFO  api_test.UserTests2 - **************** Updating User **********************
12:30:16.253 [main] INFO  api_test.UserTests2 - **************** User is Updated **********************
12:30:16.260 [main] INFO  api_test.UserTests2 - **************** Deleting User **********************
12:30:17.422 [main] INFO  api_test.UserTests2 - **************** User is Deleted **********************
12:46:20.706 [main] DEBUG api_test.UserTests - Debuging..................
12:46:20.723 [main] INFO  api_test.UserTests - **************** Creating User **********************
12:46:24.509 [main] INFO  api_test.UserTests - **************** User is created **********************
12:46:24.519 [main] INFO  api_test.UserTests - **************** Reading User Info **********************
12:46:28.872 [main] INFO  api_test.UserTests - **************** Updating User **********************
12:46:31.106 [main] INFO  api_test.UserTests - **************** Deleting User **********************
12:46:32.224 [main] INFO  api_test.UserTests - **************** User is Deleted **********************
12:53:44.235 [main] DEBUG api_test.UserTests2 - Debuging..................
12:53:44.258 [main] INFO  api_test.UserTests2 - **************** Creating User **********************
12:53:47.974 [main] INFO  api_test.UserTests2 - **************** User is created **********************
12:53:47.987 [main] INFO  api_test.UserTests2 - **************** Reading User Info **********************
12:53:52.122 [main] INFO  api_test.UserTests2 - **************** Updating User **********************
12:53:54.383 [main] INFO  api_test.UserTests2 - **************** Deleting User **********************
12:53:55.609 [main] INFO  api_test.UserTests2 - **************** User is Deleted **********************
12:57:36.808 [main] DEBUG api_test.UserTests2 - Debuging..................
12:57:36.834 [main] INFO  api_test.UserTests2 - **************** Creating User **********************
12:57:40.638 [main] INFO  api_test.UserTests2 - **************** User is created **********************
12:57:40.647 [main] INFO  api_test.UserTests2 - **************** Reading User Info **********************
12:57:44.838 [main] INFO  api_test.UserTests2 - **************** Updating User **********************
12:57:47.161 [main] INFO  api_test.UserTests2 - **************** Deleting User **********************
13:07:36.462 [main] DEBUG api_test.UserTests2 - Debuging..................
13:07:36.490 [main] INFO  api_test.UserTests2 - **************** Creating User **********************
13:07:40.214 [main] INFO  api_test.UserTests2 - **************** User is created **********************
13:07:40.227 [main] INFO  api_test.UserTests2 - **************** Reading User Info **********************
13:07:44.354 [main] INFO  api_test.UserTests2 - **************** User Info is Displayed **********************
13:07:44.357 [main] INFO  api_test.UserTests2 - **************** Updating User **********************
13:07:46.646 [main] INFO  api_test.UserTests2 - **************** Deleting User **********************
13:12:44.939 [main] DEBUG api_test.UserTests2 - Debuging..................
13:12:44.965 [main] INFO  api_test.UserTests2 - **************** Creating User **********************
13:12:48.660 [main] INFO  api_test.UserTests2 - **************** User is created **********************
13:12:48.671 [main] INFO  api_test.UserTests2 - **************** Reading User Info **********************
13:12:52.789 [main] INFO  api_test.UserTests2 - **************** User Info is Displayed **********************
13:12:52.792 [main] INFO  api_test.UserTests2 - **************** Updating User **********************
13:12:54.979 [main] INFO  api_test.UserTests2 - **************** User is Updated **********************
13:12:54.983 [main] INFO  api_test.UserTests2 - **************** Deleting User **********************
13:16:27.113 [main] DEBUG api_test.UserTests2 - Debuging..................
13:16:27.141 [main] INFO  api_test.UserTests2 - **************** Creating User **********************
13:16:31.171 [main] INFO  api_test.UserTests2 - **************** User is created **********************
13:16:31.184 [main] INFO  api_test.UserTests2 - **************** Reading User Info **********************
13:16:35.297 [main] INFO  api_test.UserTests2 - **************** User Info is Displayed **********************
13:16:35.301 [main] INFO  api_test.UserTests2 - **************** Updating User **********************
13:16:37.559 [main] INFO  api_test.UserTests2 - **************** User is Updated **********************
13:16:37.563 [main] INFO  api_test.UserTests2 - **************** Deleting User **********************
13:16:38.636 [main] INFO  api_test.UserTests2 - **************** User is Deleted **********************
13:38:17.211 [main] DEBUG api_test.UserTests2 - Debuging..................
13:38:17.239 [main] INFO  api_test.UserTests2 - **************** Creating User **********************
13:38:21.118 [main] INFO  api_test.UserTests2 - **************** User is created **********************
13:38:21.133 [main] INFO  api_test.UserTests2 - **************** Reading User Info **********************
13:38:25.256 [main] INFO  api_test.UserTests2 - **************** User Info is Displayed **********************
13:38:25.259 [main] INFO  api_test.UserTests2 - **************** Updating User **********************
13:38:27.448 [main] INFO  api_test.UserTests2 - **************** User is Updated **********************
13:38:27.452 [main] INFO  api_test.UserTests2 - **************** Deleting User **********************
13:38:28.654 [main] INFO  api_test.UserTests2 - **************** User is Deleted **********************
16:47:36.758 [main] DEBUG api_test.UserTests2 - Debuging..................
16:47:36.787 [main] INFO  api_test.UserTests2 - **************** Creating User **********************
16:47:42.144 [main] INFO  api_test.UserTests2 - **************** User is created **********************
16:47:42.154 [main] INFO  api_test.UserTests2 - **************** Reading User Info **********************
16:47:49.533 [main] INFO  api_test.UserTests2 - **************** User Info is Displayed **********************
16:47:49.536 [main] INFO  api_test.UserTests2 - **************** Updating User **********************
16:47:51.704 [main] INFO  api_test.UserTests2 - **************** User is Updated **********************
16:47:51.707 [main] INFO  api_test.UserTests2 - **************** Deleting User **********************
16:47:54.191 [main] INFO  api_test.UserTests2 - **************** User is Deleted **********************
17:35:24.234 [main] DEBUG api_test.UserTests2 - Debuging..................
17:35:24.267 [main] INFO  api_test.UserTests2 - **************** Creating User **********************
17:35:28.369 [main] INFO  api_test.UserTests2 - **************** User is created **********************
17:35:28.383 [main] INFO  api_test.UserTests2 - **************** Reading User Info **********************
17:35:32.718 [main] INFO  api_test.UserTests2 - **************** Updating User **********************
17:35:35.071 [main] INFO  api_test.UserTests2 - **************** Deleting User **********************
19:21:27.844 [main] DEBUG api_test.UserTests2 - Debuging..................
19:21:27.875 [main] INFO  api_test.UserTests2 - **************** Creating User **********************
19:21:31.578 [main] INFO  api_test.UserTests2 - **************** User is created **********************
19:21:31.588 [main] INFO  api_test.UserTests2 - **************** Reading User Info **********************
19:21:35.831 [main] INFO  api_test.UserTests2 - **************** User Info is Displayed **********************
19:21:35.834 [main] INFO  api_test.UserTests2 - **************** Updating User **********************
19:21:38.161 [main] INFO  api_test.UserTests2 - **************** User is Updated **********************
19:21:38.167 [main] INFO  api_test.UserTests2 - **************** Deleting User **********************
19:22:34.333 [main] DEBUG api_test.UserTests2 - Debuging..................
19:22:34.365 [main] INFO  api_test.UserTests2 - **************** Creating User **********************
19:22:38.182 [main] INFO  api_test.UserTests2 - **************** User is created **********************
19:22:38.192 [main] INFO  api_test.UserTests2 - **************** Reading User Info **********************
19:22:42.374 [main] INFO  api_test.UserTests2 - **************** Updating User **********************
19:22:44.672 [main] INFO  api_test.UserTests2 - **************** User is Updated **********************
19:22:44.675 [main] INFO  api_test.UserTests2 - **************** Deleting User **********************
19:22:45.800 [main] INFO  api_test.UserTests2 - **************** User is Deleted **********************
19:24:57.527 [main] DEBUG api_test.UserTests2 - Debuging..................
19:24:57.565 [main] INFO  api_test.UserTests2 - **************** Creating User **********************
19:25:01.720 [main] INFO  api_test.UserTests2 - **************** User is created **********************
19:25:01.730 [main] INFO  api_test.UserTests2 - **************** Reading User Info **********************
19:25:06.862 [main] INFO  api_test.UserTests2 - **************** Updating User **********************
19:25:09.060 [main] INFO  api_test.UserTests2 - **************** User is Updated **********************
19:25:09.063 [main] INFO  api_test.UserTests2 - **************** Deleting User **********************
19:25:10.139 [main] INFO  api_test.UserTests2 - **************** User is Deleted **********************
19:26:43.893 [main] DEBUG api_test.UserTests2 - Debuging..................
19:26:43.921 [main] INFO  api_test.UserTests2 - **************** Creating User **********************
19:26:47.687 [main] INFO  api_test.UserTests2 - **************** User is created **********************
19:26:47.698 [main] INFO  api_test.UserTests2 - **************** Reading User Info **********************
19:26:53.844 [main] INFO  api_test.UserTests2 - **************** Updating User **********************
19:26:56.109 [main] INFO  api_test.UserTests2 - **************** User is Updated **********************
19:26:56.112 [main] INFO  api_test.UserTests2 - **************** Deleting User **********************
19:26:57.278 [main] INFO  api_test.UserTests2 - **************** User is Deleted **********************
19:33:43.490 [main] DEBUG api_test.UserTests2 - Debuging..................
19:33:43.513 [main] INFO  api_test.UserTests2 - **************** Creating User **********************
19:33:47.342 [main] INFO  api_test.UserTests2 - **************** User is created **********************
19:33:47.352 [main] INFO  api_test.UserTests2 - **************** Reading User Info **********************
19:33:58.829 [main] INFO  api_test.UserTests2 - **************** Updating User **********************
19:34:01.015 [main] INFO  api_test.UserTests2 - **************** User is Updated **********************
19:34:01.020 [main] INFO  api_test.UserTests2 - **************** Deleting User **********************
19:34:02.133 [main] INFO  api_test.UserTests2 - **************** User is Deleted **********************
19:37:00.836 [main] DEBUG api_test.UserTests2 - Debuging..................
19:37:00.863 [main] INFO  api_test.UserTests2 - **************** Creating User **********************
19:37:04.798 [main] INFO  api_test.UserTests2 - **************** User is created **********************
19:37:04.814 [main] INFO  api_test.UserTests2 - **************** Reading User Info **********************
19:37:11.025 [main] INFO  api_test.UserTests2 - **************** Updating User **********************
19:37:13.244 [main] INFO  api_test.UserTests2 - **************** User is Updated **********************
19:37:13.246 [main] INFO  api_test.UserTests2 - **************** Deleting User **********************
